p1/p2   c        data      l   alpha          code rate      recovery
0.01 50 ./120.data 128 -0.1 0.34923392727296126 1.0
0.01 50 ./120.data 128 -0.125 0.36947627119797943 0.012054507337526221
0.01 50 ./120.data 128 -0.15 0.3915220245566954 0.5636792452830188
0.01 50 ./203.data 128 -0.1 0.3548064282939604 1.0
0.01 50 ./203.data 128 -0.125 0.3753645257117352 0.6300077339520496
0.01 50 ./203.data 128 -0.15 0.3977688948877237 0.35870069605568444
0.01 50 ./521.data 128 -0.1 0.3628264698550476 1.0
0.01 50 ./521.data 128 -0.125 0.38385528468993124 1.0
0.01 50 ./521.data 128 -0.15 0.40676599409899755 0.05941010392262869
0.01 100 ./120.data 128 -0.1 0.34923392727296126 1.0
0.01 100 ./120.data 128 -0.125 0.36947627119797943 1.0
0.01 100 ./120.data 128 -0.15 0.3915220245566954 0.7334905660377358
0.01 100 ./203.data 128 -0.1 0.3548064282939604 1.0
0.01 100 ./203.data 128 -0.125 0.37537831776514907 1.0
0.01 100 ./203.data 128 -0.15 0.3977843825213681 0.6129930394431555
0.01 100 ./521.data 128 -0.1 0.36283147415100575 1.0
0.01 100 ./521.data 128 -0.125 0.38386088588186906 1.0
0.01 100 ./521.data 128 -0.15 0.40677228387330283 0.23715984862137318
0.01 200 ./120.data 128 -0.1 0.34923392727296126 1.0
0.01 200 ./120.data 128 -0.125 0.36947627119797943 1.0
0.01 200 ./120.data 128 -0.15 0.3915220245566954 1.0
0.01 200 ./203.data 128 -0.1 0.3548064282939604 1.0
0.01 200 ./203.data 128 -0.125 0.37537831776514907 1.0
0.01 200 ./203.data 128 -0.15 0.3977843825213681 1.0
0.01 200 ./521.data 128 -0.1 0.36283147415100575 1.0
0.01 200 ./521.data 128 -0.125 0.38386088588186906 1.0
0.01 200 ./521.data 128 -0.15 0.40677228387330283 1.0
