p1/p2   c        data      l   alpha          code rate      recovery
0.0001 50 ./120.data 128 0.01 1.3897723489795395 1.0
0.0001 50 ./120.data 128 0.005 1.40368301262156 0.9326519916142557
0.0001 50 ./120.data 128 0 1.4178749640776445 0.870020964360587
0.0001 50 ./120.data 128 -0.005 1.4320166759017388 0.8126310272536688
0.0001 50 ./120.data 128 -0.01 1.4467903604179995 0.6582809224318658
0.0001 50 ./120.data 256 0.01 1.495165067266633 1.0
0.0001 50 ./120.data 256 0.005 1.509908963044251 1.0
0.0001 50 ./120.data 256 0 1.5249465353335103 1.0
0.0001 50 ./120.data 256 -0.005 1.540286646800057 0.9470649895178197
0.0001 50 ./120.data 256 -0.01 1.5559385203472167 0.5759958071278826
0.0001 50 ./203.data 128 0.01 1.4120658322455142 1.0
0.0001 50 ./203.data 128 0.005 1.426259429889194 1.0
0.0001 50 ./203.data 128 0 1.4405381128449373 0.7045630317092034
0.0001 50 ./203.data 128 -0.005 1.4551055827227313 0.5645784996133024
0.0001 50 ./203.data 128 -0.01 1.4697592139686801 0.5481825212683682
0.0001 50 ./203.data 256 0.01 1.5245505452402004 0.9393751933188988
0.0001 50 ./203.data 256 0.005 1.5397672623089589 0.9427776059387566
0.0001 50 ./203.data 256 0 1.555290801465752 1.0
0.0001 50 ./203.data 256 -0.005 1.5711305371261521 0.9090627899783483
0.0001 50 ./203.data 256 -0.01 1.586854946171618 0.7936900711413548
0.0001 50 ./521.data 128 0.01 1.444135395826217 1.0
0.0001 50 ./521.data 128 0.005 1.4585479247266784 0.017660839790953342
0.0001 50 ./521.data 128 0 1.4731685260889495 1.0
0.0001 50 ./521.data 128 -0.005 1.488001039106871 0.014356941190604933
0.0001 50 ./521.data 128 -0.01 1.50304938694837 0.013936445005106046
0.0001 50 ./521.data 256 0.01 1.5680927781947696 1.0
0.0001 50 ./521.data 256 0.005 1.5838091946590558 1.0
0.0001 50 ./521.data 256 0 1.5996696981867182 1.0
0.0001 50 ./521.data 256 -0.005 1.6156734297758772 0.6167707832772705
0.0001 50 ./521.data 256 -0.01 1.6321818655310285 0.503243632868813
0.0001 100 ./120.data 128 0.01 1.3897723489795395 1.0
0.0001 100 ./120.data 128 0.005 1.40368301262156 0.9329140461215932
0.0001 100 ./120.data 128 0 1.4178749640776445 0.870020964360587
0.0001 100 ./120.data 128 -0.005 1.4320166759017388 0.8126310272536688
0.0001 100 ./120.data 128 -0.01 1.4467903604179995 0.6582809224318658
0.0001 100 ./120.data 256 0.01 1.495165067266633 1.0
0.0001 100 ./120.data 256 0.005 1.509908963044251 1.0
0.0001 100 ./120.data 256 0 1.5249465353335103 1.0
0.0001 100 ./120.data 256 -0.005 1.540286646800057 0.9470649895178197
0.0001 100 ./120.data 256 -0.01 1.5559385203472167 0.5759958071278826
0.0001 100 ./203.data 128 0.01 1.4120658322455142 1.0
0.0001 100 ./203.data 128 0.005 1.426259429889194 1.0
0.0001 100 ./203.data 128 0 1.4405381128449373 0.7045630317092034
0.0001 100 ./203.data 128 -0.005 1.4551055827227313 0.5645784996133024
0.0001 100 ./203.data 128 -0.01 1.4697592139686801 0.5481825212683682
0.0001 100 ./203.data 256 0.01 1.5245505452402004 0.9393751933188988
0.0001 100 ./203.data 256 0.005 1.5397672623089589 0.9427776059387566
0.0001 100 ./203.data 256 0 1.555290801465752 1.0
0.0001 100 ./203.data 256 -0.005 1.5711305371261521 0.9090627899783483
0.0001 100 ./203.data 256 -0.01 1.586854946171618 0.7936900711413548
0.0001 100 ./521.data 128 0.01 1.444135395826217 1.0
0.0001 100 ./521.data 128 0.005 1.4585479247266784 0.017660839790953342
0.0001 100 ./521.data 128 0 1.4731685260889495 1.0
0.0001 100 ./521.data 128 -0.005 1.488001039106871 0.014356941190604933
0.0001 100 ./521.data 128 -0.01 1.50304938694837 0.013936445005106046
0.0001 100 ./521.data 256 0.01 1.5680927781947696 1.0
0.0001 100 ./521.data 256 0.005 1.5838091946590558 1.0
0.0001 100 ./521.data 256 0 1.5996696981867182 1.0
0.0001 100 ./521.data 256 -0.005 1.6156734297758772 0.6167707832772705
0.0001 100 ./521.data 256 -0.01 1.6321818655310285 0.503243632868813
0.0001 200 ./120.data 128 0.01 1.3897723489795395 1.0
0.0001 200 ./120.data 128 0.005 1.40368301262156 0.9326519916142557
0.0001 200 ./120.data 128 0 1.4178749640776445 0.870020964360587
0.0001 200 ./120.data 128 -0.005 1.4320166759017388 0.8126310272536688
0.0001 200 ./120.data 128 -0.01 1.4467903604179995 0.6582809224318658
0.0001 200 ./120.data 256 0.01 1.495165067266633 1.0
0.0001 200 ./120.data 256 0.005 1.509908963044251 1.0
0.0001 200 ./120.data 256 0 1.5249465353335103 1.0
0.0001 200 ./120.data 256 -0.005 1.540286646800057 0.9470649895178197
0.0001 200 ./120.data 256 -0.01 1.5559385203472167 0.5765199161425576
0.0001 200 ./203.data 128 0.01 1.4120658322455142 1.0
0.0001 200 ./203.data 128 0.005 1.426259429889194 1.0
0.0001 200 ./203.data 128 0 1.4405381128449373 0.7045630317092034
0.0001 200 ./203.data 128 -0.005 1.4551055827227313 0.5645784996133024
0.0001 200 ./203.data 128 -0.01 1.4697592139686801 0.5481825212683682
0.0001 200 ./203.data 256 0.01 1.5245505452402004 0.9393751933188988
0.0001 200 ./203.data 256 0.005 1.5397672623089589 0.9427776059387566
0.0001 200 ./203.data 256 0 1.555290801465752 1.0
0.0001 200 ./203.data 256 -0.005 1.5711305371261521 0.9090627899783483
0.0001 200 ./203.data 256 -0.01 1.586854946171618 0.7936900711413548
0.0001 200 ./521.data 128 0.01 1.444135395826217 1.0
0.0001 200 ./521.data 128 0.005 1.4585479247266784 0.017660839790953342
0.0001 200 ./521.data 128 0 1.4731685260889495 1.0
0.0001 200 ./521.data 128 -0.005 1.488001039106871 0.014356941190604933
0.0001 200 ./521.data 128 -0.01 1.50304938694837 0.013936445005106046
0.0001 200 ./521.data 256 0.01 1.5680927781947696 1.0
0.0001 200 ./521.data 256 0.005 1.5838091946590558 1.0
0.0001 200 ./521.data 256 0 1.5996696981867182 1.0
0.0001 200 ./521.data 256 -0.005 1.6156734297758772 0.6167707832772705
0.0001 200 ./521.data 256 -0.01 1.6321818655310285 0.503243632868813
0.001 50 ./120.data 128 0.01 1.2012394864984506 1.0
0.001 50 ./120.data 128 0.005 1.2133243907891795 1.0
0.001 50 ./120.data 128 0 1.2254058569848043 1.0
0.001 50 ./120.data 128 -0.005 1.2377303411786171 0.8522012578616353
0.001 50 ./120.data 128 -0.01 1.2503052503052503 0.8238993710691824
0.001 50 ./120.data 256 0.01 1.1512668819383884 1.0
0.001 50 ./120.data 256 0.005 1.162791472748265 1.0
0.001 50 ./120.data 256 0 1.1745491271100852 1.0
0.001 50 ./120.data 256 -0.005 1.1861291889266634 1.0
0.001 50 ./120.data 256 -0.01 1.1983660250984431 0.6960167714884695
0.001 50 ./203.data 128 0.01 1.2204391705048736 1.0
0.001 50 ./203.data 128 0.005 1.2326612326612327 1.0
0.001 50 ./203.data 128 0 1.2449788321101993 1.0
0.001 50 ./203.data 128 -0.005 1.2575450881703958 1.0
0.001 50 ./203.data 128 -0.01 1.2702096601139248 0.6610982211910286
0.001 50 ./203.data 256 0.01 1.1742269576999198 1.0
0.001 50 ./203.data 256 0.005 1.1859375111945376 1.0
0.001 50 ./203.data 256 0 1.1978839960921952 1.0
0.001 50 ./203.data 256 -0.005 1.2098171346713247 1.0
0.001 50 ./203.data 256 -0.01 1.2222520859484605 0.7540983606557377
0.001 50 ./521.data 128 0.01 1.2481079076894421 0.007208506037123752
0.001 50 ./521.data 128 0.005 1.2605477200809991 0.008169640175407
0.001 50 ./521.data 128 0 1.2731763803296086 1.0
0.001 50 ./521.data 128 -0.005 1.285997769376729 1.0
0.001 50 ./521.data 128 -0.01 1.2990158693580747 0.007869285757193478
0.001 50 ./521.data 256 0.01 1.2076724067089637 1.0
0.001 50 ./521.data 256 0.005 1.2198012547511106 0.014416146083613635
0.001 50 ./521.data 256 0 1.2319696133155653 1.0
0.001 50 ./521.data 256 -0.005 1.2443831936698881 1.0
0.001 50 ./521.data 256 -0.01 1.2570494839826687 0.008049014896684303
0.001 100 ./120.data 128 0.01 1.2012394864984506 1.0
0.001 100 ./120.data 128 0.005 1.2133243907891795 1.0
0.001 100 ./120.data 128 0 1.2254058569848043 1.0
0.001 100 ./120.data 128 -0.005 1.2377303411786171 0.8571802935010482
0.001 100 ./120.data 128 -0.01 1.2503052503052503 0.9166666666666666
0.001 100 ./120.data 256 0.01 1.1512668819383884 1.0
0.001 100 ./120.data 256 0.005 1.162791472748265 1.0
0.001 100 ./120.data 256 0 1.1745491271100852 1.0
0.001 100 ./120.data 256 -0.005 1.1861291889266634 1.0
0.001 100 ./120.data 256 -0.01 1.1983660250984431 0.6860587002096437
0.001 100 ./203.data 128 0.01 1.2204391705048736 1.0
0.001 100 ./203.data 128 0.005 1.2326612326612327 1.0
0.001 100 ./203.data 128 0 1.2449788321101993 1.0
0.001 100 ./203.data 128 -0.005 1.2575450881703958 1.0
0.001 100 ./203.data 128 -0.01 1.2702096601139248 0.7580819798917247
0.001 100 ./203.data 256 0.01 1.1742269576999198 1.0
0.001 100 ./203.data 256 0.005 1.1859375111945376 1.0
0.001 100 ./203.data 256 0 1.1978839960921952 1.0
0.001 100 ./203.data 256 -0.005 1.2098171346713247 1.0
0.001 100 ./203.data 256 -0.01 1.2222520859484605 0.772038354469533
0.001 100 ./521.data 128 0.01 1.2481079076894421 0.007208506037123752
0.001 100 ./521.data 128 0.005 1.2605477200809991 0.008229711059049682
0.001 100 ./521.data 128 0 1.2731763803296086 1.0
0.001 100 ./521.data 128 -0.005 1.285997769376729 1.0
0.001 100 ./521.data 128 -0.01 1.2990158693580747 0.11647744338319221
0.001 100 ./521.data 256 0.01 1.2076724067089637 1.0
0.001 100 ./521.data 256 0.005 1.2198012547511106 0.013695338779432964
0.001 100 ./521.data 256 0 1.2319696133155653 1.0
0.001 100 ./521.data 256 -0.005 1.2443831936698881 1.0
0.001 100 ./521.data 256 -0.01 1.2570494839826687 0.008049014896684303
0.001 200 ./120.data 128 0.01 1.2012394864984506 1.0
0.001 200 ./120.data 128 0.005 1.2133243907891795 1.0
0.001 200 ./120.data 128 0 1.2254058569848043 1.0
0.001 200 ./120.data 128 -0.005 1.2377303411786171 1.0
0.001 200 ./120.data 128 -0.01 1.2503052503052503 0.9116876310272537
0.001 200 ./120.data 256 0.01 1.1512668819383884 1.0
0.001 200 ./120.data 256 0.005 1.162791472748265 1.0
0.001 200 ./120.data 256 0 1.1745491271100852 1.0
0.001 200 ./120.data 256 -0.005 1.1861291889266634 1.0
0.001 200 ./120.data 256 -0.01 1.1983660250984431 0.7133123689727463
0.001 200 ./203.data 128 0.01 1.2204391705048736 1.0
0.001 200 ./203.data 128 0.005 1.2326612326612327 1.0
0.001 200 ./203.data 128 0 1.2449788321101993 1.0
0.001 200 ./203.data 128 -0.005 1.2575450881703958 1.0
0.001 200 ./203.data 128 -0.01 1.2702096601139248 0.6720804331013148
0.001 200 ./203.data 256 0.01 1.1742269576999198 1.0
0.001 200 ./203.data 256 0.005 1.1859375111945376 1.0
0.001 200 ./203.data 256 0 1.1978839960921952 1.0
0.001 200 ./203.data 256 -0.005 1.2098171346713247 1.0
0.001 200 ./203.data 256 -0.01 1.2222520859484605 1.0
0.001 200 ./521.data 128 0.01 1.2481079076894421 0.009130774313690138
0.001 200 ./521.data 128 0.005 1.2605477200809991 0.010091908451973275
0.001 200 ./521.data 128 0 1.2731763803296086 1.0
0.001 200 ./521.data 128 -0.005 1.285997769376729 1.0
0.001 200 ./521.data 128 -0.01 1.2990158693580747 0.007869285757193478
0.001 200 ./521.data 256 0.01 1.2076724067089637 1.0
0.001 200 ./521.data 256 0.005 1.2198012547511106 1.0
0.001 200 ./521.data 256 0 1.2319696133155653 1.0
0.001 200 ./521.data 256 -0.005 1.2443831936698881 1.0
0.001 200 ./521.data 256 -0.01 1.2570494839826687 0.008409418548774639
0.01 50 ./120.data 128 0.01 0.2773025946023279 1.0
0.01 50 ./120.data 128 0.005 0.2800716279885849 1.0
0.01 50 ./120.data 128 0 0.2828832491543004 1.0
0.01 50 ./120.data 128 -0.005 0.2857248150780489 1.0
0.01 50 ./120.data 128 -0.01 0.2886240473949276 1.0
0.01 50 ./120.data 256 0.01 0.07832330201938488 1.0
0.01 50 ./120.data 256 0.005 0.07910499005616485 1.0
0.01 50 ./120.data 256 0 0.07989675291854571 1.0
0.01 50 ./120.data 256 -0.005 0.08070259209294756 1.0
0.01 50 ./120.data 256 -0.01 0.0815189336822526 1.0
0.01 50 ./203.data 128 0.01 0.28172782991744466 1.0
0.01 50 ./203.data 128 0.005 0.28453686941362755 1.0
0.01 50 ./203.data 128 0 0.28739440464432026 1.0
0.01 50 ./203.data 128 -0.005 0.2902851706625077 1.0
0.01 50 ./203.data 128 -0.01 0.29322626492627357 1.0
0.01 50 ./203.data 256 0.01 0.0798779316714617 1.0
0.01 50 ./203.data 256 0.005 0.0806749949312996 1.0
0.01 50 ./203.data 256 0 0.08148347239656403 1.0
0.01 50 ./203.data 256 -0.005 0.08230475755763161 1.0
0.01 50 ./203.data 256 -0.01 0.0831379229984169 1.0
0.01 50 ./521.data 128 0.01 0.2880995550363637 1.0
0.01 50 ./521.data 128 0.005 0.290973922333979 1.0
0.01 50 ./521.data 128 0 0.2938898053911851 1.0
0.01 50 ./521.data 128 -0.005 0.29685132106762024 1.0
0.01 50 ./521.data 128 -0.01 0.2998560397853684 1.0
0.01 50 ./521.data 256 0.01 0.08214829409630839 1.0
0.01 50 ./521.data 256 0.005 0.08296777818248291 1.0
0.01 50 ./521.data 256 0 0.08379947607237932 1.0
0.01 50 ./521.data 256 -0.005 0.084643629436261 1.0
0.01 50 ./521.data 256 -0.01 0.08550098332727134 1.0
0.01 100 ./120.data 128 0.01 0.2773025946023279 1.0
0.01 100 ./120.data 128 0.005 0.2800716279885849 1.0
0.01 100 ./120.data 128 0 0.2828832491543004 1.0
0.01 100 ./120.data 128 -0.005 0.2857383539718642 1.0
0.01 100 ./120.data 128 -0.01 0.2886240473949276 1.0
0.01 100 ./120.data 256 0.01 0.0831446845995736 1.0
0.01 100 ./120.data 256 0.005 0.08397584126618447 1.0
0.01 100 ./120.data 256 0 0.0848173757818442 1.0
0.01 100 ./120.data 256 -0.005 0.08567158943417406 1.0
0.01 100 ./120.data 256 -0.01 0.08653873751610039 1.0
0.01 100 ./203.data 128 0.01 0.2817355991477662 1.0
0.01 100 ./203.data 128 0.005 0.2845447943487159 1.0
0.01 100 ./203.data 128 0 0.28739440464432026 1.0
0.01 100 ./203.data 128 -0.005 0.29029341904061307 1.0
0.01 100 ./203.data 128 -0.01 0.2932346812943828 1.0
0.01 100 ./203.data 256 0.01 0.08479539533201579 1.0
0.01 100 ./203.data 256 0.005 0.08564145360589522 1.0
0.01 100 ./203.data 256 0 0.08650063256973814 1.0
0.01 100 ./203.data 256 -0.005 0.08737187529855517 1.0
0.01 100 ./203.data 256 -0.01 0.08825675296686938 1.0
